<?xml version="1.0" encoding="UTF-8"?>
<!-- Generated by org.testng.reporters.JUnitReportReporter -->
<testsuite hostname="DESKTOP-V5MLE2I" failures="0" tests="6" name="testngdiscussion.InvocationCountCase" time="0.049" errors="0" timestamp="2022-03-31T09:36:28 IST" skipped="0">
  <testcase classname="testngdiscussion.InvocationCountCase" name="login" time="0.006"/>
  <system-out/>
  <testcase classname="testngdiscussion.InvocationCountCase" name="login" time="0.024"/>
  <system-out/>
  <testcase classname="testngdiscussion.InvocationCountCase" name="login" time="0.007"/>
  <system-out/>
  <testcase classname="testngdiscussion.InvocationCountCase" name="login" time="0.003"/>
  <system-out/>
  <testcase classname="testngdiscussion.InvocationCountCase" name="login" time="0.006"/>
  <system-out/>
  <testcase classname="testngdiscussion.InvocationCountCase" name="dashBoard" time="0.003"/>
  <system-out/>
</testsuite> <!-- testngdiscussion.InvocationCountCase -->
