<?xml version="1.0" encoding="UTF-8"?>
<!-- Generated by org.testng.reporters.JUnitReportReporter -->
<testsuite hostname="DESKTOP-V5MLE2I" failures="0" tests="2" name="multipleclasstestngexecution.DashBoard" time="0.022" errors="0" timestamp="2022-03-31T10:06:07 IST" skipped="0">
  <testcase classname="multipleclasstestngexecution.DashBoard" name="checkBox" time="0.019"/>
  <system-out>
    <![CDATA[check box test case]]>
  </system-out>
  <testcase classname="multipleclasstestngexecution.DashBoard" name="handlingPopup" time="0.003"/>
  <system-out>
    <![CDATA[pop up testcase]]>
  </system-out>
</testsuite> <!-- multipleclasstestngexecution.DashBoard -->
