<?xml version="1.0" encoding="UTF-8"?>
<!-- Generated by org.testng.reporters.JUnitReportReporter -->
<testsuite hostname="DESKTOP-V5MLE2I" failures="0" tests="2" name="testngdiscussion.AnnotationsInTestNg" time="0.014" errors="0" timestamp="2022-04-01T09:50:52 IST" skipped="0">
  <testcase classname="testngdiscussion.AnnotationsInTestNg" name="testCase2" time="0.005"/>
  <system-out/>
  <testcase classname="testngdiscussion.AnnotationsInTestNg" name="testCase1" time="0.009"/>
  <system-out/>
</testsuite> <!-- testngdiscussion.AnnotationsInTestNg -->
