<?xml version="1.0" encoding="UTF-8"?>
<!-- Generated by org.testng.reporters.JUnitReportReporter -->
<testsuite hostname="DESKTOP-V5MLE2I" failures="0" tests="2" name="testngdiscussion.TestClass" time="18.211" errors="0" timestamp="2022-03-30T10:07:40 IST" skipped="0">
  <testcase classname="testngdiscussion.TestClass" name="firstTestCase" time="18.209"/>
  <system-out/>
  <testcase classname="testngdiscussion.TestClass" name="secondTestCase" time="0.002"/>
  <system-out/>
</testsuite> <!-- testngdiscussion.TestClass -->
