<?xml version="1.0" encoding="UTF-8"?>
<!-- Generated by org.testng.reporters.JUnitReportReporter -->
<testsuite hostname="DESKTOP-V5MLE2I" failures="0" tests="2" name="testngdiscussion.ParallelTestTagExecution2" time="0.009" errors="0" timestamp="2022-04-05T09:40:57 IST" skipped="0">
  <testcase classname="testngdiscussion.ParallelTestTagExecution2" name="buildInfo" time="0.006"/>
  <system-out/>
  <testcase classname="testngdiscussion.ParallelTestTagExecution2" name="buildInfo" time="0.003"/>
  <system-out/>
</testsuite> <!-- testngdiscussion.ParallelTestTagExecution2 -->
