<?xml version="1.0" encoding="UTF-8"?>
<!-- Generated by org.testng.reporters.JUnitReportReporter -->
<testsuite hostname="DESKTOP-V5MLE2I" failures="0" tests="1" name="testngdiscussion.ActualAnnotationExample" time="0.022" errors="0" timestamp="2022-04-02T09:40:03 IST" skipped="0">
  <testcase classname="testngdiscussion.ActualAnnotationExample" name="testCase" time="0.022"/>
  <system-out/>
</testsuite> <!-- testngdiscussion.ActualAnnotationExample -->
