<?xml version="1.0" encoding="UTF-8"?>
<!-- Generated by org.testng.reporters.JUnitReportReporter -->
<testsuite hostname="DESKTOP-V5MLE2I" failures="0" tests="1" name="testngdiscussion.ReporterClass" time="0.014" errors="0" timestamp="2022-03-31T09:49:23 IST" skipped="0">
  <testcase classname="testngdiscussion.ReporterClass" name="tc1" time="0.014"/>
  <system-out>
    <![CDATA[This is test case 1
This is test case next line]]>
  </system-out>
</testsuite> <!-- testngdiscussion.ReporterClass -->
