<?xml version="1.0" encoding="UTF-8"?>
<!-- Generated by org.testng.reporters.JUnitReportReporter -->
<testsuite hostname="DESKTOP-V5MLE2I" failures="0" tests="4" name="testngdiscussion.SequenceOfTestCase" time="0.033" errors="0" timestamp="2022-03-30T10:13:09 IST" skipped="0">
  <testcase classname="testngdiscussion.SequenceOfTestCase" name="profile" time="0.006"/>
  <system-out/>
  <testcase classname="testngdiscussion.SequenceOfTestCase" name="home" time="0.006"/>
  <system-out/>
  <testcase classname="testngdiscussion.SequenceOfTestCase" name="dashBoard" time="0.019"/>
  <system-out/>
  <testcase classname="testngdiscussion.SequenceOfTestCase" name="login" time="0.002"/>
  <system-out/>
</testsuite> <!-- testngdiscussion.SequenceOfTestCase -->
