<?xml version="1.0" encoding="UTF-8"?>
<!-- Generated by org.testng.reporters.JUnitReportReporter -->
<testsuite hostname="DESKTOP-V5MLE2I" failures="0" tests="2" name="testngdiscussion.ParameterInTestNG" time="32.055" errors="0" timestamp="2022-04-04T09:36:33 IST" skipped="0">
  <testcase classname="testngdiscussion.ParameterInTestNG" name="buildInfo" time="0.014"/>
  <system-out/>
  <testcase classname="testngdiscussion.ParameterInTestNG" name="launchUrl" time="32.041"/>
  <system-out/>
</testsuite> <!-- testngdiscussion.ParameterInTestNG -->
