<?xml version="1.0" encoding="UTF-8"?>
<!-- Generated by org.testng.reporters.JUnitReportReporter -->
<testsuite hostname="DESKTOP-V5MLE2I" failures="0" tests="1" name="testngdiscussion.AnnotationInTestNG2" time="0.002" errors="0" timestamp="2022-04-01T09:50:52 IST" skipped="0">
  <testcase classname="testngdiscussion.AnnotationInTestNG2" name="testCase3" time="0.002"/>
  <system-out/>
</testsuite> <!-- testngdiscussion.AnnotationInTestNG2 -->
