<?xml version="1.0" encoding="UTF-8"?>
<!-- Generated by org.testng.reporters.JUnitReportReporter -->
<testsuite hostname="DESKTOP-V5MLE2I" failures="0" tests="2" name="testngdiscussion.ParallelExecutionOfTestCase" time="113.461" errors="0" timestamp="2022-04-04T10:02:29 IST" skipped="0">
  <testcase classname="testngdiscussion.ParallelExecutionOfTestCase" name="facebook" time="57.103"/>
  <system-out/>
  <testcase classname="testngdiscussion.ParallelExecutionOfTestCase" name="google" time="56.358"/>
  <system-out/>
</testsuite> <!-- testngdiscussion.ParallelExecutionOfTestCase -->
