<?xml version="1.0" encoding="UTF-8"?>
<!-- Generated by org.testng.reporters.JUnitReportReporter -->
<testsuite hostname="DESKTOP-V5MLE2I" failures="0" tests="2" name="testngdiscussion.ParallelClassExecution2" time="0.024" errors="0" timestamp="2022-04-05T09:17:04 IST" skipped="0">
  <testcase classname="testngdiscussion.ParallelClassExecution2" name="testCase4" time="0.005"/>
  <system-out/>
  <testcase classname="testngdiscussion.ParallelClassExecution2" name="testCase3" time="0.019"/>
  <system-out/>
</testsuite> <!-- testngdiscussion.ParallelClassExecution2 -->
