<?xml version="1.0" encoding="UTF-8"?>
<!-- Generated by org.testng.reporters.JUnitReportReporter -->
<testsuite hostname="DESKTOP-V5MLE2I" failures="0" tests="2" name="testngdiscussion.ParallelClassExecution3" time="0.022" errors="0" timestamp="2022-04-05T09:17:04 IST" skipped="0">
  <testcase classname="testngdiscussion.ParallelClassExecution3" name="testCase5" time="0.020"/>
  <system-out/>
  <testcase classname="testngdiscussion.ParallelClassExecution3" name="testCase6" time="0.002"/>
  <system-out/>
</testsuite> <!-- testngdiscussion.ParallelClassExecution3 -->
