<?xml version="1.0" encoding="UTF-8"?>
<!-- Generated by org.testng.reporters.JUnitReportReporter -->
<testsuite hostname="DESKTOP-V5MLE2I" failures="0" tests="2" name="testngdiscussion.GroupingOfTestCase" time="0.013" errors="0" timestamp="2022-04-03T20:11:03 IST" skipped="0">
  <testcase classname="testngdiscussion.GroupingOfTestCase" name="login" time="0.011"/>
  <system-out/>
  <testcase classname="testngdiscussion.GroupingOfTestCase" name="dashBoard" time="0.002"/>
  <system-out/>
</testsuite> <!-- testngdiscussion.GroupingOfTestCase -->
