<?xml version="1.0" encoding="UTF-8"?>
<!-- Generated by org.testng.reporters.JUnitReportReporter -->
<testsuite hostname="DESKTOP-V5MLE2I" failures="0" tests="1" name="testngdiscussion.TC1" time="9.293" errors="0" timestamp="2022-04-02T10:39:39 IST" skipped="0">
  <testcase classname="testngdiscussion.TC1" name="login" time="9.293"/>
  <system-out/>
</testsuite> <!-- testngdiscussion.TC1 -->
