<?xml version="1.0" encoding="UTF-8"?>
<!-- Generated by org.testng.reporters.JUnitReportReporter -->
<testsuite hostname="DESKTOP-V5MLE2I" failures="0" tests="2" name="testngdiscussion.GroupingOfTestCase2" time="0.006" errors="0" timestamp="2022-04-03T20:11:03 IST" skipped="0">
  <testcase classname="testngdiscussion.GroupingOfTestCase2" name="myInfo" time="0.002"/>
  <system-out/>
  <testcase classname="testngdiscussion.GroupingOfTestCase2" name="editDetails" time="0.004"/>
  <system-out/>
</testsuite> <!-- testngdiscussion.GroupingOfTestCase2 -->
