<?xml version="1.0" encoding="UTF-8"?>
<!-- Generated by org.testng.reporters.JUnitReportReporter -->
<testsuite hostname="DESKTOP-V5MLE2I" failures="0" tests="2" name="testngdiscussion.DependsOnMethods2" time="0.002" errors="0" timestamp="2022-04-02T10:06:56 IST" skipped="1">
  <testcase classname="testngdiscussion.DependsOnMethods2" name="myInfo" time="0.000">
    <skipped/>
  </testcase> <!-- myInfo -->
  <system-out/>
  <testcase classname="testngdiscussion.DependsOnMethods2" name="checkBox" time="0.002"/>
  <system-out/>
</testsuite> <!-- testngdiscussion.DependsOnMethods2 -->
