<?xml version="1.0" encoding="UTF-8"?>
<!-- Generated by org.testng.reporters.JUnitReportReporter -->
<testsuite hostname="DESKTOP-V5MLE2I" failures="0" tests="1" name="multipleclasstestngexecution.Profile" time="0.003" errors="0" timestamp="2022-03-31T10:06:07 IST" skipped="0">
  <testcase classname="multipleclasstestngexecution.Profile" name="logout" time="0.003"/>
  <system-out>
    <![CDATA[Logout test case]]>
  </system-out>
</testsuite> <!-- multipleclasstestngexecution.Profile -->
