<?xml version="1.0" encoding="UTF-8"?>
<!-- Generated by org.testng.reporters.JUnitReportReporter -->
<testsuite hostname="DESKTOP-V5MLE2I" failures="0" tests="2" name="testngdiscussion.ParallelClassExecution1" time="0.025" errors="0" timestamp="2022-04-05T09:17:04 IST" skipped="0">
  <testcase classname="testngdiscussion.ParallelClassExecution1" name="testCase2" time="0.005"/>
  <system-out/>
  <testcase classname="testngdiscussion.ParallelClassExecution1" name="testCase1" time="0.020"/>
  <system-out/>
</testsuite> <!-- testngdiscussion.ParallelClassExecution1 -->
