<?xml version="1.0" encoding="UTF-8"?>
<!-- Generated by org.testng.reporters.JUnitReportReporter -->
<testsuite hostname="DESKTOP-V5MLE2I" failures="0" tests="4" name="testngdiscussion.PriorityKeyword" time="0.029" errors="0" timestamp="2022-03-31T09:15:34 IST" skipped="0">
  <testcase classname="testngdiscussion.PriorityKeyword" name="profile" time="0.017"/>
  <system-out/>
  <testcase classname="testngdiscussion.PriorityKeyword" name="home" time="0.006"/>
  <system-out/>
  <testcase classname="testngdiscussion.PriorityKeyword" name="login" time="0.004"/>
  <system-out/>
  <testcase classname="testngdiscussion.PriorityKeyword" name="dashBoard" time="0.002"/>
  <system-out/>
</testsuite> <!-- testngdiscussion.PriorityKeyword -->
