<?xml version="1.0" encoding="UTF-8"?>
<!-- Generated by org.testng.reporters.JUnitReportReporter -->
<testsuite hostname="DESKTOP-V5MLE2I" failures="0" tests="2" name="testngdiscussion.InclusionExclusionOfTestCase" time="0.024" errors="0" timestamp="2022-04-02T10:25:07 IST" skipped="0">
  <testcase classname="testngdiscussion.InclusionExclusionOfTestCase" name="login" time="0.021"/>
  <system-out/>
  <testcase classname="testngdiscussion.InclusionExclusionOfTestCase" name="logout" time="0.003"/>
  <system-out/>
</testsuite> <!-- testngdiscussion.InclusionExclusionOfTestCase -->
