<?xml version="1.0" encoding="UTF-8"?>
<!-- Generated by org.testng.reporters.JUnitReportReporter -->
<testsuite hostname="DESKTOP-V5MLE2I" failures="0" tests="2" name="testngdiscussion.ParallelTestTagExecution" time="124.767" errors="0" timestamp="2022-04-05T09:40:57 IST" skipped="0">
  <testcase classname="testngdiscussion.ParallelTestTagExecution" name="getUrl" time="61.442"/>
  <system-out/>
  <testcase classname="testngdiscussion.ParallelTestTagExecution" name="getUrl" time="63.325"/>
  <system-out/>
</testsuite> <!-- testngdiscussion.ParallelTestTagExecution -->
