<?xml version="1.0" encoding="UTF-8"?>
<!-- Generated by org.testng.reporters.JUnitReportReporter -->
<testsuite hostname="DESKTOP-V5MLE2I" failures="0" tests="2" name="multipleclasstestngexecution.Login" time="0.057" errors="0" timestamp="2022-03-31T10:06:07 IST" skipped="0">
  <testcase classname="multipleclasstestngexecution.Login" name="urlVerification" time="0.004"/>
  <system-out>
    <![CDATA[This is test case 1
This is test case next line]]>
  </system-out>
  <testcase classname="multipleclasstestngexecution.Login" name="loginWithCorrectCreds" time="0.053"/>
  <system-out>
    <![CDATA[This is test case 2]]>
  </system-out>
</testsuite> <!-- multipleclasstestngexecution.Login -->
